<?xml version="1.0" encoding="UTF-8"?>
<testsuite xmlns:xsi="http://www.w3.org/2001/XMLSchema-instance" xsi:noNamespaceSchemaLocation="https://maven.apache.org/surefire/maven-surefire-plugin/xsd/surefire-test-report.xsd" version="3.0.2" name="com.example.demo.TransFormQueryApplicationTests" time="1.79" tests="1" errors="0" skipped="0" failures="0">
  <properties>
[...]
</properties>
  <testcase name="contextLoads" classname="com.example.demo.TransFormQueryApplicationTests" time="0.522">
    <system-out><![CDATA[20:04:08.907 [main] INFO org.springframework.test.context.support.AnnotationConfigContextLoaderUtils -- Could not detect default configuration classes for test class [com.example.demo.TransFormQueryApplicationTests]: TransFormQueryApplicationTests does not declare any static, non-private, non-final, nested classes annotated with @Configuration.
20:04:08.967 [main] INFO org.springframework.boot.test.context.SpringBootTestContextBootstrapper -- Found @SpringBootConfiguration com.example.demo.TransFormQueryApplication for test class com.example.demo.TransFormQueryApplicationTests

  .   ____          _            __ _ _
 /\\ / ___'_ __ _ _(_)_ __  __ _ \ \ \ \
( ( )\___ | '_ | '_| | '_ \/ _` | \ \ \ \
 \\/  ___)| |_)| | | | | || (_| |  ) ) ) )
  '  |____| .__|_| |_|_| |_\__, | / / / /
 =========|_|==============|___/=/_/_/_/

 :: Spring Boot ::                (v4.0.1)

2026-01-13T20:04:09.236+09:00  INFO 1487380 --- [TransFormQuery] [           main] c.e.demo.TransFormQueryApplicationTests  : Starting TransFormQueryApplicationTests using Java 17.0.5 with PID 1487380 (started by kimgi in D:\Springwork\TransFormQuery)
2026-01-13T20:04:09.237+09:00  INFO 1487380 --- [TransFormQuery] [           main] c.e.demo.TransFormQueryApplicationTests  : No active profile set, falling back to 1 default profile: "default"
2026-01-13T20:04:10.040+09:00  INFO 1487380 --- [TransFormQuery] [           main] c.e.demo.TransFormQueryApplicationTests  : Started TransFormQueryApplicationTests in 0.968 seconds (process running for 1.771)
]]></system-out>
  </testcase>
</testsuite>